Traceback (most recent call last):
  File "D:\Penambangan Data\venv\Lib\site-packages\jupyter_cache\executors\utils.py", line 58, in single_nb_execution
    executenb(
  File "D:\Penambangan Data\venv\Lib\site-packages\nbclient\client.py", line 1323, in execute
    return NotebookClient(nb=nb, resources=resources, km=km, **kwargs).execute()
           ^^^^^^^^^^^^^^^^^^^^^^^^^^^^^^^^^^^^^^^^^^^^^^^^^^^^^^^^^^^^^^^^^^^^^
  File "D:\Penambangan Data\venv\Lib\site-packages\jupyter_core\utils\__init__.py", line 165, in wrapped
    return loop.run_until_complete(inner)
           ^^^^^^^^^^^^^^^^^^^^^^^^^^^^^^
  File "C:\Program Files\WindowsApps\PythonSoftwareFoundation.Python.3.11_3.11.2544.0_x64__qbz5n2kfra8p0\Lib\asyncio\base_events.py", line 654, in run_until_complete
    return future.result()
           ^^^^^^^^^^^^^^^
  File "D:\Penambangan Data\venv\Lib\site-packages\nbclient\client.py", line 709, in async_execute
    await self.async_execute_cell(
  File "D:\Penambangan Data\venv\Lib\site-packages\nbclient\client.py", line 1062, in async_execute_cell
    await self._check_raise_for_error(cell, cell_index, exec_reply)
  File "D:\Penambangan Data\venv\Lib\site-packages\nbclient\client.py", line 918, in _check_raise_for_error
    raise CellExecutionError.from_cell_and_msg(cell, exec_reply_content)
nbclient.exceptions.CellExecutionError: An error occurred while executing the following cell:
------------------
# Implementasi normalisasi pada python
import pandas as pd
import numpy as np
from sklearn.preprocessing import MinMaxScaler, StandardScaler

# 1. Menyiapkan Data Awal
data = {
    'ID': [1, 2, 3, 4, 5],
    'Nilai': [15, 30, 45, 90, 135]
}

df = pd.DataFrame(data)

# Sklearn membutuhkan input dalam bentuk array 2D (reshape)
nilai_array = df['Nilai'].values.reshape(-1, 1)

# 2. Min-Max Normalization
min_max_scaler = MinMaxScaler()
df['Min-Max'] = min_max_scaler.fit_transform(nilai_array)

# 3. Z-Score Normalization
z_score_scaler = StandardScaler()
df['Z-Score'] = z_score_scaler.fit_transform(nilai_array)

# 4. Decimal Scaling (Manual/Numpy karena tidak ada di sklearn)
max_abs = np.max(np.abs(nilai_array))
j = np.ceil(np.log10(max_abs))
df['Decimal'] = df['Nilai'] / (10**j)

# Menampilkan Hasil
print("Hasil Normalisasi dengan Library:")
print(df.to_string(index=False))
------------------


[31m---------------------------------------------------------------------------[39m
[31mModuleNotFoundError[39m                       Traceback (most recent call last)
[36mCell[39m[36m [39m[32mIn[1][39m[32m, line 2[39m
[32m      1[39m [38;5;66;03m# Implementasi normalisasi pada python[39;00m
[32m----> [39m[32m2[39m [38;5;28;01mimport[39;00m[38;5;250m [39m[34;01mpandas[39;00m[38;5;250m [39m[38;5;28;01mas[39;00m[38;5;250m [39m[34;01mpd[39;00m
[32m      3[39m [38;5;28;01mimport[39;00m[38;5;250m [39m[34;01mnumpy[39;00m[38;5;250m [39m[38;5;28;01mas[39;00m[38;5;250m [39m[34;01mnp[39;00m
[32m      4[39m [38;5;28;01mfrom[39;00m[38;5;250m [39m[34;01msklearn[39;00m[34;01m.[39;00m[34;01mpreprocessing[39;00m[38;5;250m [39m[38;5;28;01mimport[39;00m MinMaxScaler, StandardScaler

[31mModuleNotFoundError[39m: No module named 'pandas'

